Using pre-set license
Built from '2020.3/release' branch; Version is '2020.3.7f1 (dd97f2c94397) revision 14522354'; Using compiler version '192528614'; Build Type 'Release'
OS: 'Windows 10 Pro; OS build 19042.1237; Version 2009; 64bit' Language: 'en' Physical Memory: 20419 MB
BatchMode: 1, IsHumanControllingUs: 0, StartBugReporterOnCrash: 0, Is64bit: 1, IsPro: 0

 COMMAND LINE ARGUMENTS:
H:\Unity Editors\2020.3.7f1\Editor\Unity.exe
-adb2
-batchMode
-noUpm
-name
AssetImportWorker0
-projectPath
H:/Git Projects/TTGD-SunkenSea/TTGD - SunkenSea
-logFile
Logs/AssetImportWorker0.log
-srvPort
56833
Successfully changed project path to: H:/Git Projects/TTGD-SunkenSea/TTGD - SunkenSea
H:/Git Projects/TTGD-SunkenSea/TTGD - SunkenSea
Using Asset Import Pipeline V2.
Refreshing native plugins compatible for Editor in 43.27 ms, found 0 plugins.
Preloading 0 native plugins for Editor in 0.00 ms.
Initialize engine version: 2020.3.7f1 (dd97f2c94397)
[Subsystems] Discovering subsystems at path H:/Unity Editors/2020.3.7f1/Editor/Data/Resources/UnitySubsystems
[Subsystems] Discovering subsystems at path H:/Git Projects/TTGD-SunkenSea/TTGD - SunkenSea/Assets
GfxDevice: creating device client; threaded=0
Direct3D:
    Version:  Direct3D 11.0 [level 11.1]
    Renderer: NVIDIA GeForce GTX 1070 (ID=0x1b81)
    Vendor:   
    VRAM:     8088 MB
    Driver:   30.0.14.7168
Initialize mono
Mono path[0] = 'H:/Unity Editors/2020.3.7f1/Editor/Data/Managed'
Mono path[1] = 'H:/Unity Editors/2020.3.7f1/Editor/Data/MonoBleedingEdge/lib/mono/unityjit'
Mono config path = 'H:/Unity Editors/2020.3.7f1/Editor/Data/MonoBleedingEdge/etc'
Using monoOptions --debugger-agent=transport=dt_socket,embedding=1,server=y,suspend=n,address=127.0.0.1:56552
Begin MonoManager ReloadAssembly
Registering precompiled unity dll's ...
Register platform support module: H:/Unity Editors/2020.3.7f1/Editor/Data/PlaybackEngines/WindowsStandaloneSupport/UnityEditor.WindowsStandalone.Extensions.dll
Registered in 0.001277 seconds.
Native extension for WindowsStandalone target not found
Refreshing native plugins compatible for Editor in 44.65 ms, found 0 plugins.
Preloading 0 native plugins for Editor in 0.00 ms.
Mono: successfully reloaded assembly
- Completed reload, in  1.265 seconds
Platform modules already initialized, skipping
Registering precompiled user dll's ...
Registered in 0.001396 seconds.
Begin MonoManager ReloadAssembly
Native extension for WindowsStandalone target not found
Refreshing native plugins compatible for Editor in 43.82 ms, found 0 plugins.
Preloading 0 native plugins for Editor in 0.00 ms.
Mono: successfully reloaded assembly
- Completed reload, in  1.028 seconds
Platform modules already initialized, skipping
========================================================================
Worker process is ready to serve import requests
Shader 'Universal Render Pipeline/Particles/Lit': fallback shader 'Universal Render Pipeline/Particles/SimpleLit' not found
Shader 'Universal Render Pipeline/Particles/Lit': fallback shader 'Universal Render Pipeline/Particles/SimpleLit' not found
Launched and connected shader compiler UnityShaderCompiler.exe after 0.04 seconds
Refreshing native plugins compatible for Editor in 0.53 ms, found 0 plugins.
Preloading 0 native plugins for Editor in 0.00 ms.
Unloading 2431 Unused Serialized files (Serialized files now loaded: 0)
System memory in use before: 119.8 MB.
System memory in use after: 117.0 MB.

Unloading 43 unused Assets to reduce memory usage. Loaded Objects now: 2843.
Total: 4.103200 ms (FindLiveObjects: 0.327900 ms CreateObjectMapping: 0.250500 ms MarkObjects: 2.079300 ms  DeleteObjects: 1.444600 ms)

========================================================================
Received Import Request.
  path: Assets/_Shaders/BasicShader_ZacHideableWater.shader
  artifactKey: Guid(1d905d8d041d73045bb1ff8799e9af03) Importer(815301076,1909f56bfc062723c751e8b465ee728b)
Start importing Assets/_Shaders/BasicShader_ZacHideableWater.shader using Guid(1d905d8d041d73045bb1ff8799e9af03) Importer(815301076,1909f56bfc062723c751e8b465ee728b)  -> (artifact id: '1875e5da05a285c811e4db7c94a08da1') in 0.037612 seconds
  Import took 0.042058 seconds .

========================================================================
Received Prepare
Shader 'Universal Render Pipeline/Particles/Lit': fallback shader 'Universal Render Pipeline/Particles/SimpleLit' not found
Shader 'Universal Render Pipeline/Particles/Lit': fallback shader 'Universal Render Pipeline/Particles/SimpleLit' not found
Refreshing native plugins compatible for Editor in 1.37 ms, found 0 plugins.
Preloading 0 native plugins for Editor in 0.00 ms.
Unloading 36 Unused Serialized files (Serialized files now loaded: 0)
System memory in use before: 69.3 MB.
System memory in use after: 66.6 MB.

Unloading 36 unused Assets to reduce memory usage. Loaded Objects now: 2843.
Total: 4.907500 ms (FindLiveObjects: 0.335400 ms CreateObjectMapping: 0.239600 ms MarkObjects: 2.715400 ms  DeleteObjects: 1.615800 ms)

========================================================================
Received Import Request.
  Time since last request: 108.083292 seconds.
  path: Assets/_Shaders/Basic_Hider.shader
  artifactKey: Guid(1e2fba72c2a7aff4093982ebbae44888) Importer(815301076,1909f56bfc062723c751e8b465ee728b)
Start importing Assets/_Shaders/Basic_Hider.shader using Guid(1e2fba72c2a7aff4093982ebbae44888) Importer(815301076,1909f56bfc062723c751e8b465ee728b)  -> (artifact id: 'e8f38d0fd463ebaa447259054b57967a') in 0.020928 seconds
  Import took 0.026093 seconds .

========================================================================
Received Import Request.
  Time since last request: 0.017666 seconds.
  path: Assets/_Shaders/Basic_Hider.shader
  artifactKey: Guid(1e2fba72c2a7aff4093982ebbae44888) Importer(815301076,1909f56bfc062723c751e8b465ee728b)
Start importing Assets/_Shaders/Basic_Hider.shader using Guid(1e2fba72c2a7aff4093982ebbae44888) Importer(815301076,1909f56bfc062723c751e8b465ee728b)  -> (artifact id: 'e8f38d0fd463ebaa447259054b57967a') in 0.003192 seconds
  Import took 0.009852 seconds .

========================================================================
Received Import Request.
  Time since last request: 14.915038 seconds.
  path: Assets/_Shaders/Old
  artifactKey: Guid(ae28d8bce1967ee4cad660cf0817ef18) Importer(815301076,1909f56bfc062723c751e8b465ee728b)
Start importing Assets/_Shaders/Old using Guid(ae28d8bce1967ee4cad660cf0817ef18) Importer(815301076,1909f56bfc062723c751e8b465ee728b)  -> (artifact id: '33f8db577fc51396d4a8b20540a04a58') in 0.009309 seconds
  Import took 0.014480 seconds .

========================================================================
Received Import Request.
  Time since last request: 23.077138 seconds.
  path: Assets/_Shaders/Shader_ZacIslandWater_Basic.ShaderGraph
  artifactKey: Guid(0791aaff26a55f342bcf38536305e1d2) Importer(815301076,1909f56bfc062723c751e8b465ee728b)
Start importing Assets/_Shaders/Shader_ZacIslandWater_Basic.ShaderGraph using Guid(0791aaff26a55f342bcf38536305e1d2) Importer(815301076,1909f56bfc062723c751e8b465ee728b)  -> (artifact id: '8352e8f73c16ea6a1a3459923f7e9954') in 0.010750 seconds
  Import took 0.016124 seconds .

========================================================================
Received Import Request.
  Time since last request: 3.424712 seconds.
  path: Assets/_Shaders/Default_With_Hiding.shader
  artifactKey: Guid(a23b2afc44188244aa922a082152d39f) Importer(815301076,1909f56bfc062723c751e8b465ee728b)
Start importing Assets/_Shaders/Default_With_Hiding.shader using Guid(a23b2afc44188244aa922a082152d39f) Importer(815301076,1909f56bfc062723c751e8b465ee728b)  -> (artifact id: 'dcb2faabe323f411bbd75e4701acbdf4') in 0.006795 seconds
  Import took 0.012140 seconds .

========================================================================
Received Import Request.
  Time since last request: 0.002037 seconds.
  path: Assets/_Shaders/Default_With_Hiding.shader
  artifactKey: Guid(a23b2afc44188244aa922a082152d39f) Importer(815301076,1909f56bfc062723c751e8b465ee728b)
Start importing Assets/_Shaders/Default_With_Hiding.shader using Guid(a23b2afc44188244aa922a082152d39f) Importer(815301076,1909f56bfc062723c751e8b465ee728b)  -> (artifact id: 'dcb2faabe323f411bbd75e4701acbdf4') in 0.003225 seconds
  Import took 0.008067 seconds .

========================================================================
Received Import Request.
  Time since last request: 46.554892 seconds.
  path: Assets/_Shaders/Shader_ZacIslandWater_Hidable.shader
  artifactKey: Guid(1d905d8d041d73045bb1ff8799e9af03) Importer(815301076,1909f56bfc062723c751e8b465ee728b)
Start importing Assets/_Shaders/Shader_ZacIslandWater_Hidable.shader using Guid(1d905d8d041d73045bb1ff8799e9af03) Importer(815301076,1909f56bfc062723c751e8b465ee728b)  -> (artifact id: 'b553972752e822a592a5958d9eb59382') in 0.009554 seconds
  Import took 0.014521 seconds .

========================================================================
Received Prepare
Registering precompiled user dll's ...
Registered in 0.001865 seconds.
Begin MonoManager ReloadAssembly
Native extension for WindowsStandalone target not found
Refreshing native plugins compatible for Editor in 0.60 ms, found 0 plugins.
Preloading 0 native plugins for Editor in 0.00 ms.
Mono: successfully reloaded assembly
- Completed reload, in  1.211 seconds
Platform modules already initialized, skipping
Shader 'Universal Render Pipeline/Particles/Lit': fallback shader 'Universal Render Pipeline/Particles/SimpleLit' not found
Shader 'Universal Render Pipeline/Particles/Lit': fallback shader 'Universal Render Pipeline/Particles/SimpleLit' not found
Refreshing native plugins compatible for Editor in 0.79 ms, found 0 plugins.
Preloading 0 native plugins for Editor in 0.00 ms.
Unloading 2346 Unused Serialized files (Serialized files now loaded: 0)
System memory in use before: 115.2 MB.
System memory in use after: 112.5 MB.

Unloading 38 unused Assets to reduce memory usage. Loaded Objects now: 2846.
Total: 5.118000 ms (FindLiveObjects: 0.446100 ms CreateObjectMapping: 0.491500 ms MarkObjects: 2.352200 ms  DeleteObjects: 1.826700 ms)

AssetImportWorkerClient::OnTransportError - code=2 error=End of file
