Using pre-set license
Built from '2020.3/release' branch; Version is '2020.3.7f1 (dd97f2c94397) revision 14522354'; Using compiler version '192528614'; Build Type 'Release'
OS: 'Windows 10 Pro; OS build 19042.1237; Version 2009; 64bit' Language: 'en' Physical Memory: 20419 MB
BatchMode: 1, IsHumanControllingUs: 0, StartBugReporterOnCrash: 0, Is64bit: 1, IsPro: 0

 COMMAND LINE ARGUMENTS:
H:\Unity Editors\2020.3.7f1\Editor\Unity.exe
-adb2
-batchMode
-noUpm
-name
AssetImportWorker0
-projectPath
H:/Git Projects/TTGD-SunkenSea/TTGD - SunkenSea
-logFile
Logs/AssetImportWorker0.log
-srvPort
56863
Successfully changed project path to: H:/Git Projects/TTGD-SunkenSea/TTGD - SunkenSea
H:/Git Projects/TTGD-SunkenSea/TTGD - SunkenSea
Using Asset Import Pipeline V2.
Refreshing native plugins compatible for Editor in 41.48 ms, found 0 plugins.
Preloading 0 native plugins for Editor in 0.00 ms.
Initialize engine version: 2020.3.7f1 (dd97f2c94397)
[Subsystems] Discovering subsystems at path H:/Unity Editors/2020.3.7f1/Editor/Data/Resources/UnitySubsystems
[Subsystems] Discovering subsystems at path H:/Git Projects/TTGD-SunkenSea/TTGD - SunkenSea/Assets
GfxDevice: creating device client; threaded=0
Direct3D:
    Version:  Direct3D 11.0 [level 11.1]
    Renderer: NVIDIA GeForce GTX 1070 (ID=0x1b81)
    Vendor:   
    VRAM:     8088 MB
    Driver:   30.0.14.7168
Initialize mono
Mono path[0] = 'H:/Unity Editors/2020.3.7f1/Editor/Data/Managed'
Mono path[1] = 'H:/Unity Editors/2020.3.7f1/Editor/Data/MonoBleedingEdge/lib/mono/unityjit'
Mono config path = 'H:/Unity Editors/2020.3.7f1/Editor/Data/MonoBleedingEdge/etc'
Using monoOptions --debugger-agent=transport=dt_socket,embedding=1,server=y,suspend=n,address=127.0.0.1:56324
Begin MonoManager ReloadAssembly
Registering precompiled unity dll's ...
Register platform support module: H:/Unity Editors/2020.3.7f1/Editor/Data/PlaybackEngines/WindowsStandaloneSupport/UnityEditor.WindowsStandalone.Extensions.dll
Registered in 0.003760 seconds.
Native extension for WindowsStandalone target not found
Refreshing native plugins compatible for Editor in 41.76 ms, found 0 plugins.
Preloading 0 native plugins for Editor in 0.00 ms.
Mono: successfully reloaded assembly
- Completed reload, in  1.255 seconds
Platform modules already initialized, skipping
Registering precompiled user dll's ...
Registered in 0.001384 seconds.
Begin MonoManager ReloadAssembly
Native extension for WindowsStandalone target not found
Refreshing native plugins compatible for Editor in 44.01 ms, found 0 plugins.
Preloading 0 native plugins for Editor in 0.00 ms.
Mono: successfully reloaded assembly
- Completed reload, in  1.001 seconds
Platform modules already initialized, skipping
========================================================================
Worker process is ready to serve import requests
Shader 'Universal Render Pipeline/Particles/Lit': fallback shader 'Universal Render Pipeline/Particles/SimpleLit' not found
Shader 'Universal Render Pipeline/Particles/Lit': fallback shader 'Universal Render Pipeline/Particles/SimpleLit' not found
Launched and connected shader compiler UnityShaderCompiler.exe after 0.04 seconds
Refreshing native plugins compatible for Editor in 0.47 ms, found 0 plugins.
Preloading 0 native plugins for Editor in 0.00 ms.
Unloading 2431 Unused Serialized files (Serialized files now loaded: 0)
System memory in use before: 119.7 MB.
System memory in use after: 116.9 MB.

Unloading 43 unused Assets to reduce memory usage. Loaded Objects now: 2843.
Total: 4.590600 ms (FindLiveObjects: 0.374200 ms CreateObjectMapping: 0.294800 ms MarkObjects: 2.393300 ms  DeleteObjects: 1.526900 ms)

========================================================================
Received Import Request.
  path: Assets/_Shaders/Shader_StencilRender_Remover.shader
  artifactKey: Guid(1e2fba72c2a7aff4093982ebbae44888) Importer(815301076,1909f56bfc062723c751e8b465ee728b)
Start importing Assets/_Shaders/Shader_StencilRender_Remover.shader using Guid(1e2fba72c2a7aff4093982ebbae44888) Importer(815301076,1909f56bfc062723c751e8b465ee728b)  -> (artifact id: '1fd9a3ac254c68bd5d1c448962a95ea5') in 0.031854 seconds
  Import took 0.036187 seconds .

========================================================================
Received Import Request.
  Time since last request: 50781.257039 seconds.
  path: Assets/_Shaders/Shader_StencilRender_Remover.shader
  artifactKey: Guid(1e2fba72c2a7aff4093982ebbae44888) Importer(815301076,1909f56bfc062723c751e8b465ee728b)
Start importing Assets/_Shaders/Shader_StencilRender_Remover.shader using Guid(1e2fba72c2a7aff4093982ebbae44888) Importer(815301076,1909f56bfc062723c751e8b465ee728b)  -> (artifact id: '0e9814f8384bd8869d62ae4f8b3be725') in 0.043283 seconds
  Import took 0.133997 seconds .

AssetImportWorkerClient::OnTransportError - code=2 error=End of file
